[ 2015-05-25T21:35:22+08:00 ] ::1 /GdutNews/
INFO: [ app_init ] --START--
INFO: Run Behavior\BuildLiteBehavior [ RunTime:0.000058s ]
INFO: [ app_init ] --END-- [ RunTime:0.001470s ]
INFO: [ app_begin ] --START--
INFO: Run Behavior\ReadHtmlCacheBehavior [ RunTime:0.009217s ]
INFO: [ app_begin ] --END-- [ RunTime:0.009508s ]
INFO: [ view_parse ] --START--
INFO: [ template_filter ] --START--
INFO: Run Behavior\ContentReplaceBehavior [ RunTime:0.000132s ]
INFO: [ template_filter ] --END-- [ RunTime:0.000410s ]
INFO: Run Behavior\ParseTemplateBehavior [ RunTime:0.069821s ]
INFO: [ view_parse ] --END-- [ RunTime:0.070118s ]
INFO: [ view_filter ] --START--
INFO: Run Behavior\WriteHtmlCacheBehavior [ RunTime:0.001487s ]
INFO: [ view_filter ] --END-- [ RunTime:0.001758s ]
INFO: [ app_end ] --START--
INFO: Run Behavior\ShowPageTraceBehavior [ RunTime:0.001867s ]
INFO: [ app_end ] --END-- [ RunTime:0.002143s ]

<<<<<<< HEAD
[ 2015-05-25T21:54:46+08:00 ] ::1 /GdutNews/
INFO: [ app_init ] --START--
INFO: Run Behavior\BuildLiteBehavior [ RunTime:0.000058s ]
INFO: [ app_init ] --END-- [ RunTime:0.001076s ]
INFO: [ app_begin ] --START--
INFO: Run Behavior\ReadHtmlCacheBehavior [ RunTime:0.001254s ]
INFO: [ app_begin ] --END-- [ RunTime:0.001608s ]
INFO: [ action_begin ] --START--
INFO: Run Home\Behaviors\LoginBehavior [ RunTime:0.031661s ]
INFO: [ action_begin ] --END-- [ RunTime:0.031988s ]
ERR: 无法加载数据库驱动: Think\Db\Driver\Pdo

[ 2015-05-25T21:56:06+08:00 ] ::1 /GdutNews/
INFO: [ app_init ] --START--
INFO: Run Behavior\BuildLiteBehavior [ RunTime:0.000080s ]
INFO: [ app_init ] --END-- [ RunTime:0.001055s ]
INFO: [ app_begin ] --START--
INFO: Run Behavior\ReadHtmlCacheBehavior [ RunTime:0.001200s ]
INFO: [ app_begin ] --END-- [ RunTime:0.001534s ]
INFO: [ action_begin ] --START--
INFO: Run Home\Behaviors\LoginBehavior [ RunTime:0.001542s ]
INFO: [ action_begin ] --END-- [ RunTime:0.001953s ]
ERR: SQLSTATE[08001]: [Microsoft][SQL Server Native Client 10.0]命名管道提供程序: 无法打开与 SQL Server 的连接 [53]. 

[ 2015-05-25T21:56:27+08:00 ] ::1 /GdutNews/
INFO: [ app_init ] --START--
INFO: Run Behavior\BuildLiteBehavior [ RunTime:0.000085s ]
INFO: [ app_init ] --END-- [ RunTime:0.000848s ]
INFO: [ app_begin ] --START--
INFO: Run Behavior\ReadHtmlCacheBehavior [ RunTime:0.001045s ]
INFO: [ app_begin ] --END-- [ RunTime:0.001666s ]
INFO: [ action_begin ] --START--
INFO: Run Home\Behaviors\LoginBehavior [ RunTime:0.000935s ]
INFO: [ action_begin ] --END-- [ RunTime:0.001270s ]
ERR: SQLSTATE[08001]: [Microsoft][SQL Server Native Client 10.0]命名管道提供程序: 无法打开与 SQL Server 的连接 [53]. 

[ 2015-05-25T21:56:30+08:00 ] ::1 /GdutNews/
INFO: [ app_init ] --START--
INFO: Run Behavior\BuildLiteBehavior [ RunTime:0.000068s ]
INFO: [ app_init ] --END-- [ RunTime:0.000947s ]
INFO: [ app_begin ] --START--
INFO: Run Behavior\ReadHtmlCacheBehavior [ RunTime:0.001035s ]
INFO: [ app_begin ] --END-- [ RunTime:0.001353s ]
INFO: [ action_begin ] --START--
INFO: Run Home\Behaviors\LoginBehavior [ RunTime:0.002321s ]
INFO: [ action_begin ] --END-- [ RunTime:0.002741s ]
SQL: SELECT TOP 5 [ArticleID],[Title] FROM [Articles] WHERE CategoryID=4 AND PublishDate>2015-05-25 ORDER BY [PublishDate] DESC [ RunTime:1.1642s ]
SQL: SELECT TOP 5 [ArticleID],[Title] FROM [Articles] WHERE CategoryID=5 AND PublishDate>2015-05-25 ORDER BY [PublishDate] DESC [ RunTime:0.0046s ]
SQL: SELECT TOP 5 [ArticleID],[Title] FROM [Articles] WHERE CategoryID=6 AND PublishDate>2015-05-25 ORDER BY [PublishDate] DESC [ RunTime:0.0049s ]
SQL: SELECT [CategoryID],[CategoryName] FROM [Categories] ORDER BY CategorySequence [ RunTime:0.4091s ]
SQL: SELECT [ID],[Name] FROM [Categories2] WHERE CategoryID=4 [ RunTime:0.0241s ]
SQL: SELECT [ID],[Name] FROM [Categories2] WHERE CategoryID=5 [ RunTime:0.0009s ]
SQL: SELECT [ID],[Name] FROM [Categories2] WHERE CategoryID=6 [ RunTime:0.0009s ]
SQL: SELECT [ID],[Name] FROM [Categories2] WHERE CategoryID=8 [ RunTime:0.0013s ]
INFO: [ view_parse ] --START--
INFO: [ template_filter ] --START--
INFO: Run Behavior\ContentReplaceBehavior [ RunTime:0.000327s ]
INFO: [ template_filter ] --END-- [ RunTime:0.000662s ]

[ 2015-05-25T21:56:31+08:00 ] ::1 /GdutNews/
INFO: [ app_init ] --START--
INFO: Run Behavior\BuildLiteBehavior [ RunTime:0.000060s ]
INFO: [ app_init ] --END-- [ RunTime:0.001209s ]
INFO: [ app_begin ] --START--
INFO: Run Behavior\ReadHtmlCacheBehavior [ RunTime:0.001106s ]
INFO: [ app_begin ] --END-- [ RunTime:0.001476s ]
INFO: [ action_begin ] --START--
INFO: Run Home\Behaviors\LoginBehavior [ RunTime:0.001700s ]
INFO: [ action_begin ] --END-- [ RunTime:0.002110s ]
INFO: [ view_parse ] --START--
INFO: [ template_filter ] --START--
INFO: Run Behavior\ContentReplaceBehavior [ RunTime:0.000302s ]
INFO: [ template_filter ] --END-- [ RunTime:0.000644s ]

[ 2015-05-25T21:57:14+08:00 ] ::1 /GdutNews/
INFO: [ app_init ] --START--
INFO: Run Behavior\BuildLiteBehavior [ RunTime:0.000087s ]
INFO: [ app_init ] --END-- [ RunTime:0.000887s ]
INFO: [ app_begin ] --START--
INFO: Run Behavior\ReadHtmlCacheBehavior [ RunTime:0.000964s ]
INFO: [ app_begin ] --END-- [ RunTime:0.001297s ]
INFO: [ action_begin ] --START--
INFO: Run Home\Behaviors\LoginBehavior [ RunTime:0.001490s ]
INFO: [ action_begin ] --END-- [ RunTime:0.001873s ]
INFO: [ view_parse ] --START--
INFO: [ template_filter ] --START--
INFO: Run Behavior\ContentReplaceBehavior [ RunTime:0.000449s ]
INFO: [ template_filter ] --END-- [ RunTime:0.000791s ]

[ 2015-05-25T21:58:49+08:00 ] ::1 /GdutNews/
INFO: [ app_init ] --START--
INFO: Run Behavior\BuildLiteBehavior [ RunTime:0.000057s ]
INFO: [ app_init ] --END-- [ RunTime:0.001002s ]
INFO: [ app_begin ] --START--
INFO: Run Behavior\ReadHtmlCacheBehavior [ RunTime:0.001553s ]
INFO: [ app_begin ] --END-- [ RunTime:0.001858s ]
INFO: [ action_begin ] --START--
INFO: Run Home\Behaviors\LoginBehavior [ RunTime:0.001414s ]
INFO: [ action_begin ] --END-- [ RunTime:0.001762s ]
INFO: [ view_parse ] --START--
INFO: [ template_filter ] --START--
INFO: Run Behavior\ContentReplaceBehavior [ RunTime:0.000374s ]
INFO: [ template_filter ] --END-- [ RunTime:0.000770s ]

[ 2015-05-25T21:59:11+08:00 ] ::1 /GdutNews/
INFO: [ app_init ] --START--
INFO: Run Behavior\BuildLiteBehavior [ RunTime:0.000057s ]
INFO: [ app_init ] --END-- [ RunTime:0.000899s ]
INFO: [ app_begin ] --START--
INFO: Run Behavior\ReadHtmlCacheBehavior [ RunTime:0.001160s ]
INFO: [ app_begin ] --END-- [ RunTime:0.001467s ]
INFO: [ action_begin ] --START--

[ 2015-05-25T21:59:12+08:00 ] ::1 /GdutNews/
INFO: [ app_init ] --START--
INFO: Run Behavior\BuildLiteBehavior [ RunTime:0.000083s ]
INFO: [ app_init ] --END-- [ RunTime:0.000874s ]
INFO: [ app_begin ] --START--
INFO: Run Behavior\ReadHtmlCacheBehavior [ RunTime:0.001173s ]
INFO: [ app_begin ] --END-- [ RunTime:0.001479s ]
INFO: [ action_begin ] --START--

[ 2015-05-25T21:59:13+08:00 ] ::1 /GdutNews/
INFO: [ app_init ] --START--
INFO: Run Behavior\BuildLiteBehavior [ RunTime:0.000057s ]
INFO: [ app_init ] --END-- [ RunTime:0.000891s ]
INFO: [ app_begin ] --START--
INFO: Run Behavior\ReadHtmlCacheBehavior [ RunTime:0.001327s ]
INFO: [ app_begin ] --END-- [ RunTime:0.001602s ]
INFO: [ action_begin ] --START--

[ 2015-05-25T21:59:50+08:00 ] ::1 /GdutNews/
INFO: [ app_init ] --START--
INFO: Run Behavior\BuildLiteBehavior [ RunTime:0.000083s ]
INFO: [ app_init ] --END-- [ RunTime:0.000872s ]
INFO: [ app_begin ] --START--
INFO: Run Behavior\ReadHtmlCacheBehavior [ RunTime:0.001006s ]
INFO: [ app_begin ] --END-- [ RunTime:0.001289s ]
INFO: [ action_begin ] --START--

[ 2015-05-25T21:59:51+08:00 ] ::1 /GdutNews/index.php/Home/Login/index.html
INFO: [ app_init ] --START--
INFO: Run Behavior\BuildLiteBehavior [ RunTime:0.000085s ]
INFO: [ app_init ] --END-- [ RunTime:0.000881s ]
INFO: [ app_begin ] --START--
INFO: Run Behavior\ReadHtmlCacheBehavior [ RunTime:0.001075s ]
INFO: [ app_begin ] --END-- [ RunTime:0.001449s ]
INFO: [ action_begin ] --START--
INFO: Run Home\Behaviors\LoginBehavior [ RunTime:0.001514s ]
INFO: [ action_begin ] --END-- [ RunTime:0.001811s ]
INFO: [ view_parse ] --START--
INFO: [ template_filter ] --START--
INFO: Run Behavior\ContentReplaceBehavior [ RunTime:0.000275s ]
INFO: [ template_filter ] --END-- [ RunTime:0.000615s ]

[ 2015-05-25T22:02:30+08:00 ] ::1 /GdutNews/index.php/Home/Login/index.html
INFO: [ app_init ] --START--
INFO: Run Behavior\BuildLiteBehavior [ RunTime:0.000085s ]
INFO: [ app_init ] --END-- [ RunTime:0.001042s ]
INFO: [ app_begin ] --START--
INFO: Run Behavior\ReadHtmlCacheBehavior [ RunTime:0.001230s ]
INFO: [ app_begin ] --END-- [ RunTime:0.001527s ]
INFO: [ action_begin ] --START--
INFO: Run Home\Behaviors\LoginBehavior [ RunTime:0.001643s ]
INFO: [ action_begin ] --END-- [ RunTime:0.002034s ]
INFO: [ view_parse ] --START--
INFO: [ template_filter ] --START--
INFO: Run Behavior\ContentReplaceBehavior [ RunTime:0.000246s ]
INFO: [ template_filter ] --END-- [ RunTime:0.000576s ]

[ 2015-05-25T22:02:31+08:00 ] ::1 /GdutNews/index.php/Home/Login/index.html
INFO: [ app_init ] --START--
INFO: Run Behavior\BuildLiteBehavior [ RunTime:0.000058s ]
INFO: [ app_init ] --END-- [ RunTime:0.000897s ]
INFO: [ app_begin ] --START--
INFO: Run Behavior\ReadHtmlCacheBehavior [ RunTime:0.001214s ]
INFO: [ app_begin ] --END-- [ RunTime:0.001573s ]
INFO: [ action_begin ] --START--
INFO: Run Home\Behaviors\LoginBehavior [ RunTime:0.001636s ]
INFO: [ action_begin ] --END-- [ RunTime:0.001933s ]
INFO: [ view_parse ] --START--
INFO: [ template_filter ] --START--
INFO: Run Behavior\ContentReplaceBehavior [ RunTime:0.000203s ]
INFO: [ template_filter ] --END-- [ RunTime:0.000538s ]

[ 2015-05-25T22:04:06+08:00 ] ::1 /GdutNews/index.php/Home/Login/index.html
INFO: [ app_init ] --START--
INFO: Run Behavior\BuildLiteBehavior [ RunTime:0.000071s ]
INFO: [ app_init ] --END-- [ RunTime:0.000951s ]
INFO: [ app_begin ] --START--
INFO: Run Behavior\ReadHtmlCacheBehavior [ RunTime:0.001136s ]
INFO: [ app_begin ] --END-- [ RunTime:0.001574s ]
INFO: [ action_begin ] --START--
INFO: Run Home\Behaviors\LoginBehavior [ RunTime:0.001252s ]
INFO: [ action_begin ] --END-- [ RunTime:0.001626s ]
INFO: [ view_parse ] --START--
INFO: [ template_filter ] --START--
INFO: Run Behavior\ContentReplaceBehavior [ RunTime:0.000215s ]
INFO: [ template_filter ] --END-- [ RunTime:0.000561s ]
INFO: Run Behavior\ParseTemplateBehavior [ RunTime:0.023559s ]
INFO: [ view_parse ] --END-- [ RunTime:0.023842s ]
INFO: [ view_filter ] --START--
INFO: Run Behavior\WriteHtmlCacheBehavior [ RunTime:0.000712s ]
INFO: [ view_filter ] --END-- [ RunTime:0.001068s ]
INFO: [ app_end ] --START--
INFO: Run Behavior\ShowPageTraceBehavior [ RunTime:0.001143s ]
INFO: [ app_end ] --END-- [ RunTime:0.001458s ]

[ 2015-05-25T22:04:06+08:00 ] ::1 /GdutNews/index.php/Home/Login/Public/af.ui.base.css
INFO: [ app_init ] --START--
INFO: Run Behavior\BuildLiteBehavior [ RunTime:0.000085s ]
INFO: [ app_init ] --END-- [ RunTime:0.001334s ]
INFO: [ app_begin ] --START--
INFO: Run Behavior\ReadHtmlCacheBehavior [ RunTime:0.001016s ]
INFO: [ app_begin ] --END-- [ RunTime:0.001290s ]
INFO: [ action_begin ] --START--
INFO: Run Home\Behaviors\LoginBehavior [ RunTime:0.000915s ]
INFO: [ action_begin ] --END-- [ RunTime:0.001338s ]
ERR: 非法操作:Public

[ 2015-05-25T22:04:06+08:00 ] ::1 /GdutNews/index.php/Home/Login/Public/jquery-2.1.3.min.js
INFO: [ app_init ] --START--
INFO: Run Behavior\BuildLiteBehavior [ RunTime:0.000087s ]
INFO: [ app_init ] --END-- [ RunTime:0.001030s ]
INFO: [ app_begin ] --START--
INFO: Run Behavior\ReadHtmlCacheBehavior [ RunTime:0.001432s ]
INFO: [ app_begin ] --END-- [ RunTime:0.001862s ]
INFO: [ action_begin ] --START--
INFO: Run Home\Behaviors\LoginBehavior [ RunTime:0.001854s ]
INFO: [ action_begin ] --END-- [ RunTime:0.002244s ]
ERR: 非法操作:Public

[ 2015-05-25T22:04:06+08:00 ] ::1 /GdutNews/index.php/Home/Login/Public/appframework.ui.min.js
INFO: [ app_init ] --START--
INFO: Run Behavior\BuildLiteBehavior [ RunTime:0.000092s ]
INFO: [ app_init ] --END-- [ RunTime:0.001147s ]
INFO: [ app_begin ] --START--
INFO: Run Behavior\ReadHtmlCacheBehavior [ RunTime:0.001241s ]
INFO: [ app_begin ] --END-- [ RunTime:0.001591s ]
INFO: [ action_begin ] --START--
INFO: Run Home\Behaviors\LoginBehavior [ RunTime:0.001416s ]
INFO: [ action_begin ] --END-- [ RunTime:0.001829s ]
ERR: 非法操作:Public

[ 2015-05-25T22:04:08+08:00 ] ::1 /GdutNews/index.php/Home/Login/index.html
INFO: [ app_init ] --START--
INFO: Run Behavior\BuildLiteBehavior [ RunTime:0.000163s ]
INFO: [ app_init ] --END-- [ RunTime:0.001060s ]
INFO: [ app_begin ] --START--
INFO: Run Behavior\ReadHtmlCacheBehavior [ RunTime:0.000882s ]
INFO: [ app_begin ] --END-- [ RunTime:0.001280s ]
INFO: [ action_begin ] --START--
INFO: Run Home\Behaviors\LoginBehavior [ RunTime:0.000878s ]
INFO: [ action_begin ] --END-- [ RunTime:0.001243s ]
INFO: [ view_parse ] --START--
INFO: [ template_filter ] --START--
INFO: Run Behavior\ContentReplaceBehavior [ RunTime:0.000185s ]
INFO: [ template_filter ] --END-- [ RunTime:0.000488s ]
INFO: Run Behavior\ParseTemplateBehavior [ RunTime:0.016029s ]
INFO: [ view_parse ] --END-- [ RunTime:0.016385s ]
INFO: [ view_filter ] --START--
INFO: Run Behavior\WriteHtmlCacheBehavior [ RunTime:0.000733s ]
INFO: [ view_filter ] --END-- [ RunTime:0.000989s ]
INFO: [ app_end ] --START--
INFO: Run Behavior\ShowPageTraceBehavior [ RunTime:0.001045s ]
INFO: [ app_end ] --END-- [ RunTime:0.001309s ]

[ 2015-05-25T22:04:08+08:00 ] ::1 /GdutNews/index.php/Home/Login/Public/af.ui.base.css
INFO: [ app_init ] --START--
INFO: Run Behavior\BuildLiteBehavior [ RunTime:0.000086s ]
INFO: [ app_init ] --END-- [ RunTime:0.000977s ]
INFO: [ app_begin ] --START--
INFO: Run Behavior\ReadHtmlCacheBehavior [ RunTime:0.000997s ]
INFO: [ app_begin ] --END-- [ RunTime:0.001420s ]
INFO: [ action_begin ] --START--
INFO: Run Home\Behaviors\LoginBehavior [ RunTime:0.000930s ]
INFO: [ action_begin ] --END-- [ RunTime:0.001603s ]
ERR: 非法操作:Public

[ 2015-05-25T22:04:08+08:00 ] ::1 /GdutNews/index.php/Home/Login/Public/appframework.ui.min.js
INFO: [ app_init ] --START--
INFO: Run Behavior\BuildLiteBehavior [ RunTime:0.000083s ]
INFO: [ app_init ] --END-- [ RunTime:0.001081s ]
INFO: [ app_begin ] --START--
INFO: Run Behavior\ReadHtmlCacheBehavior [ RunTime:0.001019s ]
INFO: [ app_begin ] --END-- [ RunTime:0.001540s ]
INFO: [ action_begin ] --START--
INFO: Run Home\Behaviors\LoginBehavior [ RunTime:0.001716s ]
INFO: [ action_begin ] --END-- [ RunTime:0.002194s ]
ERR: 非法操作:Public

[ 2015-05-25T22:04:08+08:00 ] ::1 /GdutNews/index.php/Home/Login/Public/jquery-2.1.3.min.js
INFO: [ app_init ] --START--
INFO: Run Behavior\BuildLiteBehavior [ RunTime:0.000098s ]
INFO: [ app_init ] --END-- [ RunTime:0.001473s ]
INFO: [ app_begin ] --START--
INFO: Run Behavior\ReadHtmlCacheBehavior [ RunTime:0.001390s ]
INFO: [ app_begin ] --END-- [ RunTime:0.001776s ]
INFO: [ action_begin ] --START--
INFO: Run Home\Behaviors\LoginBehavior [ RunTime:0.001706s ]
INFO: [ action_begin ] --END-- [ RunTime:0.002088s ]
ERR: 非法操作:Public

[ 2015-05-25T22:04:09+08:00 ] ::1 /GdutNews/index.php/Home/Login/index.html
INFO: [ app_init ] --START--
INFO: Run Behavior\BuildLiteBehavior [ RunTime:0.000060s ]
INFO: [ app_init ] --END-- [ RunTime:0.000898s ]
INFO: [ app_begin ] --START--
INFO: Run Behavior\ReadHtmlCacheBehavior [ RunTime:0.001410s ]
INFO: [ app_begin ] --END-- [ RunTime:0.001718s ]
INFO: [ action_begin ] --START--
INFO: Run Home\Behaviors\LoginBehavior [ RunTime:0.001301s ]
INFO: [ action_begin ] --END-- [ RunTime:0.001645s ]
INFO: [ view_parse ] --START--
INFO: [ template_filter ] --START--
INFO: Run Behavior\ContentReplaceBehavior [ RunTime:0.000181s ]
INFO: [ template_filter ] --END-- [ RunTime:0.000523s ]
INFO: Run Behavior\ParseTemplateBehavior [ RunTime:0.013940s ]
INFO: [ view_parse ] --END-- [ RunTime:0.014279s ]
INFO: [ view_filter ] --START--
INFO: Run Behavior\WriteHtmlCacheBehavior [ RunTime:0.000608s ]
INFO: [ view_filter ] --END-- [ RunTime:0.000859s ]
INFO: [ app_end ] --START--
INFO: Run Behavior\ShowPageTraceBehavior [ RunTime:0.001048s ]
INFO: [ app_end ] --END-- [ RunTime:0.001307s ]

[ 2015-05-25T22:04:09+08:00 ] ::1 /GdutNews/index.php/Home/Login/Public/appframework.ui.min.js
INFO: [ app_init ] --START--
INFO: Run Behavior\BuildLiteBehavior [ RunTime:0.000073s ]
INFO: [ app_init ] --END-- [ RunTime:0.000906s ]
INFO: [ app_begin ] --START--
INFO: Run Behavior\ReadHtmlCacheBehavior [ RunTime:0.001237s ]
INFO: [ app_begin ] --END-- [ RunTime:0.001662s ]
INFO: [ action_begin ] --START--
INFO: Run Home\Behaviors\LoginBehavior [ RunTime:0.001244s ]
INFO: [ action_begin ] --END-- [ RunTime:0.001640s ]
ERR: 非法操作:Public

[ 2015-05-25T22:04:09+08:00 ] ::1 /GdutNews/index.php/Home/Login/Public/jquery-2.1.3.min.js
INFO: [ app_init ] --START--
INFO: Run Behavior\BuildLiteBehavior [ RunTime:0.000074s ]
INFO: [ app_init ] --END-- [ RunTime:0.000895s ]
INFO: [ app_begin ] --START--
INFO: Run Behavior\ReadHtmlCacheBehavior [ RunTime:0.000950s ]
INFO: [ app_begin ] --END-- [ RunTime:0.001607s ]
INFO: [ action_begin ] --START--
INFO: Run Home\Behaviors\LoginBehavior [ RunTime:0.001329s ]
INFO: [ action_begin ] --END-- [ RunTime:0.001800s ]
ERR: 非法操作:Public

[ 2015-05-25T22:04:09+08:00 ] ::1 /GdutNews/index.php/Home/Login/Public/af.ui.base.css
INFO: [ app_init ] --START--
INFO: Run Behavior\BuildLiteBehavior [ RunTime:0.000084s ]
INFO: [ app_init ] --END-- [ RunTime:0.000960s ]
INFO: [ app_begin ] --START--
INFO: Run Behavior\ReadHtmlCacheBehavior [ RunTime:0.001326s ]
INFO: [ app_begin ] --END-- [ RunTime:0.001674s ]
INFO: [ action_begin ] --START--
INFO: Run Home\Behaviors\LoginBehavior [ RunTime:0.001557s ]
INFO: [ action_begin ] --END-- [ RunTime:0.001951s ]
ERR: 非法操作:Public

[ 2015-05-25T22:05:26+08:00 ] ::1 /GdutNews/index.php/Home/Login/index.html
INFO: [ app_init ] --START--
INFO: Run Behavior\BuildLiteBehavior [ RunTime:0.000085s ]
INFO: [ app_init ] --END-- [ RunTime:0.001047s ]
INFO: [ app_begin ] --START--
INFO: Run Behavior\ReadHtmlCacheBehavior [ RunTime:0.001155s ]
INFO: [ app_begin ] --END-- [ RunTime:0.001498s ]
INFO: [ action_begin ] --START--
INFO: Run Home\Behaviors\LoginBehavior [ RunTime:0.001511s ]
INFO: [ action_begin ] --END-- [ RunTime:0.001786s ]
INFO: [ view_parse ] --START--
INFO: [ template_filter ] --START--
INFO: Run Behavior\ContentReplaceBehavior [ RunTime:0.000277s ]
INFO: [ template_filter ] --END-- [ RunTime:0.000620s ]
INFO: Run Behavior\ParseTemplateBehavior [ RunTime:0.022766s ]
INFO: [ view_parse ] --END-- [ RunTime:0.023115s ]
INFO: [ view_filter ] --START--
INFO: Run Behavior\WriteHtmlCacheBehavior [ RunTime:0.000506s ]
INFO: [ view_filter ] --END-- [ RunTime:0.000800s ]
INFO: [ app_end ] --START--
INFO: Run Behavior\ShowPageTraceBehavior [ RunTime:0.001147s ]
INFO: [ app_end ] --END-- [ RunTime:0.001423s ]

[ 2015-05-25T22:06:01+08:00 ] ::1 /GdutNews/index.php/Home/Login/index.html
INFO: [ app_init ] --START--
INFO: Run Behavior\BuildLiteBehavior [ RunTime:0.000082s ]
INFO: [ app_init ] --END-- [ RunTime:0.000907s ]
INFO: [ app_begin ] --START--
INFO: Run Behavior\ReadHtmlCacheBehavior [ RunTime:0.000903s ]
INFO: [ app_begin ] --END-- [ RunTime:0.001353s ]
INFO: [ action_begin ] --START--
INFO: Run Home\Behaviors\LoginBehavior [ RunTime:0.000816s ]
INFO: [ action_begin ] --END-- [ RunTime:0.001088s ]
INFO: [ view_parse ] --START--
INFO: [ template_filter ] --START--
INFO: Run Behavior\ContentReplaceBehavior [ RunTime:0.000232s ]
INFO: [ template_filter ] --END-- [ RunTime:0.000566s ]
INFO: Run Behavior\ParseTemplateBehavior [ RunTime:0.014908s ]
INFO: [ view_parse ] --END-- [ RunTime:0.015309s ]
INFO: [ view_filter ] --START--
INFO: Run Behavior\WriteHtmlCacheBehavior [ RunTime:0.000751s ]
INFO: [ view_filter ] --END-- [ RunTime:0.001017s ]
INFO: [ app_end ] --START--
INFO: Run Behavior\ShowPageTraceBehavior [ RunTime:0.001138s ]
INFO: [ app_end ] --END-- [ RunTime:0.001459s ]

[ 2015-05-25T22:06:10+08:00 ] ::1 /GdutNews/index.php/Home/Login/login.html
INFO: [ app_init ] --START--
INFO: Run Behavior\BuildLiteBehavior [ RunTime:0.000059s ]
INFO: [ app_init ] --END-- [ RunTime:0.000904s ]
INFO: [ app_begin ] --START--
INFO: Run Behavior\ReadHtmlCacheBehavior [ RunTime:0.001112s ]
INFO: [ app_begin ] --END-- [ RunTime:0.001462s ]
INFO: [ action_begin ] --START--
INFO: Run Home\Behaviors\LoginBehavior [ RunTime:0.001363s ]
INFO: [ action_begin ] --END-- [ RunTime:0.001687s ]

[ 2015-05-25T22:06:10+08:00 ] ::1 /GdutNews/index.php
INFO: [ app_init ] --START--
INFO: Run Behavior\BuildLiteBehavior [ RunTime:0.000084s ]
INFO: [ app_init ] --END-- [ RunTime:0.000912s ]
INFO: [ app_begin ] --START--
INFO: Run Behavior\ReadHtmlCacheBehavior [ RunTime:0.000887s ]
INFO: [ app_begin ] --END-- [ RunTime:0.001185s ]
INFO: [ action_begin ] --START--
INFO: Run Home\Behaviors\LoginBehavior [ RunTime:0.005239s ]
INFO: [ action_begin ] --END-- [ RunTime:0.005541s ]
SQL: SELECT TOP 5 [ArticleID],[Title] FROM [Articles] WHERE CategoryID=4 AND PublishDate>2015-05-25 ORDER BY [PublishDate] DESC [ RunTime:0.0019s ]
SQL: SELECT TOP 5 [ArticleID],[Title] FROM [Articles] WHERE CategoryID=5 AND PublishDate>2015-05-25 ORDER BY [PublishDate] DESC [ RunTime:0.0014s ]
SQL: SELECT TOP 5 [ArticleID],[Title] FROM [Articles] WHERE CategoryID=6 AND PublishDate>2015-05-25 ORDER BY [PublishDate] DESC [ RunTime:0.0011s ]
INFO: [ view_parse ] --START--
INFO: [ template_filter ] --START--
INFO: Run Behavior\ContentReplaceBehavior [ RunTime:0.000427s ]
INFO: [ template_filter ] --END-- [ RunTime:0.000797s ]

[ 2015-05-25T22:08:10+08:00 ] ::1 /GdutNews/index.php
INFO: [ app_init ] --START--
INFO: Run Behavior\BuildLiteBehavior [ RunTime:0.000057s ]
INFO: [ app_init ] --END-- [ RunTime:0.001021s ]
INFO: [ app_begin ] --START--
INFO: Run Behavior\ReadHtmlCacheBehavior [ RunTime:0.001114s ]
INFO: [ app_begin ] --END-- [ RunTime:0.001453s ]
INFO: [ action_begin ] --START--
INFO: Run Home\Behaviors\LoginBehavior [ RunTime:0.005661s ]
INFO: [ action_begin ] --END-- [ RunTime:0.005993s ]
INFO: [ view_parse ] --START--
INFO: [ template_filter ] --START--
INFO: Run Behavior\ContentReplaceBehavior [ RunTime:0.000388s ]
INFO: [ template_filter ] --END-- [ RunTime:0.000724s ]

[ 2015-05-25T22:08:11+08:00 ] ::1 /GdutNews/index.php
INFO: [ app_init ] --START--
INFO: Run Behavior\BuildLiteBehavior [ RunTime:0.000086s ]
INFO: [ app_init ] --END-- [ RunTime:0.000922s ]
INFO: [ app_begin ] --START--
INFO: Run Behavior\ReadHtmlCacheBehavior [ RunTime:0.000924s ]
INFO: [ app_begin ] --END-- [ RunTime:0.001297s ]
INFO: [ action_begin ] --START--
INFO: Run Home\Behaviors\LoginBehavior [ RunTime:0.005009s ]
INFO: [ action_begin ] --END-- [ RunTime:0.005359s ]
INFO: [ view_parse ] --START--
INFO: [ template_filter ] --START--
INFO: Run Behavior\ContentReplaceBehavior [ RunTime:0.000447s ]
INFO: [ template_filter ] --END-- [ RunTime:0.000747s ]

[ 2015-05-25T22:08:12+08:00 ] ::1 /GdutNews/index.php
INFO: [ app_init ] --START--
INFO: Run Behavior\BuildLiteBehavior [ RunTime:0.000063s ]
INFO: [ app_init ] --END-- [ RunTime:0.000896s ]
INFO: [ app_begin ] --START--
INFO: Run Behavior\ReadHtmlCacheBehavior [ RunTime:0.000894s ]
INFO: [ app_begin ] --END-- [ RunTime:0.001230s ]
INFO: [ action_begin ] --START--
INFO: Run Home\Behaviors\LoginBehavior [ RunTime:0.004889s ]
INFO: [ action_begin ] --END-- [ RunTime:0.005277s ]
INFO: [ view_parse ] --START--
INFO: [ template_filter ] --START--
INFO: Run Behavior\ContentReplaceBehavior [ RunTime:0.000392s ]
INFO: [ template_filter ] --END-- [ RunTime:0.000695s ]

[ 2015-05-25T22:08:12+08:00 ] ::1 /GdutNews/index.php
INFO: [ app_init ] --START--
INFO: Run Behavior\BuildLiteBehavior [ RunTime:0.000089s ]
INFO: [ app_init ] --END-- [ RunTime:0.000949s ]
INFO: [ app_begin ] --START--
INFO: Run Behavior\ReadHtmlCacheBehavior [ RunTime:0.000893s ]
INFO: [ app_begin ] --END-- [ RunTime:0.001176s ]
INFO: [ action_begin ] --START--
INFO: Run Home\Behaviors\LoginBehavior [ RunTime:0.004790s ]
INFO: [ action_begin ] --END-- [ RunTime:0.005127s ]
INFO: [ view_parse ] --START--
INFO: [ template_filter ] --START--
INFO: Run Behavior\ContentReplaceBehavior [ RunTime:0.000422s ]
INFO: [ template_filter ] --END-- [ RunTime:0.000723s ]

[ 2015-05-25T22:08:46+08:00 ] ::1 /GdutNews/index.php
INFO: [ app_init ] --START--
INFO: Run Behavior\BuildLiteBehavior [ RunTime:0.000087s ]
INFO: [ app_init ] --END-- [ RunTime:0.001037s ]
INFO: [ app_begin ] --START--
INFO: Run Behavior\ReadHtmlCacheBehavior [ RunTime:0.001244s ]
INFO: [ app_begin ] --END-- [ RunTime:0.001571s ]
INFO: [ action_begin ] --START--
INFO: Run Home\Behaviors\LoginBehavior [ RunTime:0.006069s ]
INFO: [ action_begin ] --END-- [ RunTime:0.006461s ]
INFO: [ view_parse ] --START--
INFO: [ template_filter ] --START--
INFO: Run Behavior\ContentReplaceBehavior [ RunTime:0.000378s ]
INFO: [ template_filter ] --END-- [ RunTime:0.000685s ]

[ 2015-05-25T22:08:47+08:00 ] ::1 /GdutNews/index.php
INFO: [ app_init ] --START--
INFO: Run Behavior\BuildLiteBehavior [ RunTime:0.000059s ]
INFO: [ app_init ] --END-- [ RunTime:0.000957s ]
INFO: [ app_begin ] --START--
INFO: Run Behavior\ReadHtmlCacheBehavior [ RunTime:0.001150s ]
INFO: [ app_begin ] --END-- [ RunTime:0.001547s ]
INFO: [ action_begin ] --START--
INFO: Run Home\Behaviors\LoginBehavior [ RunTime:0.005976s ]
INFO: [ action_begin ] --END-- [ RunTime:0.006350s ]
INFO: [ view_parse ] --START--
INFO: [ template_filter ] --START--
INFO: Run Behavior\ContentReplaceBehavior [ RunTime:0.000294s ]
INFO: [ template_filter ] --END-- [ RunTime:0.000671s ]

[ 2015-05-25T22:08:51+08:00 ] ::1 /GdutNews/
INFO: [ app_init ] --START--
INFO: Run Behavior\BuildLiteBehavior [ RunTime:0.000085s ]
INFO: [ app_init ] --END-- [ RunTime:0.000895s ]
INFO: [ app_begin ] --START--
INFO: Run Behavior\ReadHtmlCacheBehavior [ RunTime:0.001292s ]
INFO: [ app_begin ] --END-- [ RunTime:0.001560s ]
INFO: [ action_begin ] --START--
INFO: Run Home\Behaviors\LoginBehavior [ RunTime:0.005985s ]
INFO: [ action_begin ] --END-- [ RunTime:0.006389s ]
INFO: [ view_parse ] --START--
INFO: [ template_filter ] --START--
INFO: Run Behavior\ContentReplaceBehavior [ RunTime:0.000320s ]
INFO: [ template_filter ] --END-- [ RunTime:0.000679s ]

[ 2015-05-25T22:09:12+08:00 ] ::1 /GdutNews/
INFO: [ app_init ] --START--
INFO: Run Behavior\BuildLiteBehavior [ RunTime:0.000077s ]
INFO: [ app_init ] --END-- [ RunTime:0.000902s ]
INFO: [ app_begin ] --START--
INFO: Run Behavior\ReadHtmlCacheBehavior [ RunTime:0.001337s ]
INFO: [ app_begin ] --END-- [ RunTime:0.001669s ]
INFO: [ action_begin ] --START--
INFO: Run Home\Behaviors\LoginBehavior [ RunTime:0.006004s ]
INFO: [ action_begin ] --END-- [ RunTime:0.006313s ]
INFO: [ view_parse ] --START--
INFO: [ template_filter ] --START--
INFO: Run Behavior\ContentReplaceBehavior [ RunTime:0.000358s ]
INFO: [ template_filter ] --END-- [ RunTime:0.000695s ]

[ 2015-05-25T22:09:12+08:00 ] ::1 /GdutNews/
INFO: [ app_init ] --START--
INFO: Run Behavior\BuildLiteBehavior [ RunTime:0.000085s ]
INFO: [ app_init ] --END-- [ RunTime:0.000861s ]
INFO: [ app_begin ] --START--
INFO: Run Behavior\ReadHtmlCacheBehavior [ RunTime:0.001300s ]
INFO: [ app_begin ] --END-- [ RunTime:0.001584s ]
INFO: [ action_begin ] --START--
INFO: Run Home\Behaviors\LoginBehavior [ RunTime:0.005862s ]
INFO: [ action_begin ] --END-- [ RunTime:0.006210s ]
INFO: [ view_parse ] --START--
INFO: [ template_filter ] --START--
INFO: Run Behavior\ContentReplaceBehavior [ RunTime:0.000289s ]
INFO: [ template_filter ] --END-- [ RunTime:0.000614s ]

[ 2015-05-25T22:09:21+08:00 ] ::1 /GdutNews/
INFO: [ app_init ] --START--
INFO: Run Behavior\BuildLiteBehavior [ RunTime:0.000081s ]
INFO: [ app_init ] --END-- [ RunTime:0.000894s ]
INFO: [ app_begin ] --START--
INFO: Run Behavior\ReadHtmlCacheBehavior [ RunTime:0.001179s ]
INFO: [ app_begin ] --END-- [ RunTime:0.001606s ]
INFO: [ action_begin ] --START--
INFO: Run Home\Behaviors\LoginBehavior [ RunTime:0.005554s ]
INFO: [ action_begin ] --END-- [ RunTime:0.005896s ]
INFO: [ view_parse ] --START--
INFO: [ template_filter ] --START--
INFO: Run Behavior\ContentReplaceBehavior [ RunTime:0.000404s ]
INFO: [ template_filter ] --END-- [ RunTime:0.000727s ]

[ 2015-05-25T22:09:21+08:00 ] ::1 /GdutNews/
INFO: [ app_init ] --START--
INFO: Run Behavior\BuildLiteBehavior [ RunTime:0.000077s ]
INFO: [ app_init ] --END-- [ RunTime:0.000886s ]
INFO: [ app_begin ] --START--
INFO: Run Behavior\ReadHtmlCacheBehavior [ RunTime:0.001231s ]
INFO: [ app_begin ] --END-- [ RunTime:0.001548s ]
INFO: [ action_begin ] --START--
INFO: Run Home\Behaviors\LoginBehavior [ RunTime:0.005929s ]
INFO: [ action_begin ] --END-- [ RunTime:0.006291s ]
INFO: [ view_parse ] --START--
INFO: [ template_filter ] --START--
INFO: Run Behavior\ContentReplaceBehavior [ RunTime:0.000246s ]
INFO: [ template_filter ] --END-- [ RunTime:0.000615s ]

[ 2015-05-25T22:09:22+08:00 ] ::1 /GdutNews/
INFO: [ app_init ] --START--
INFO: Run Behavior\BuildLiteBehavior [ RunTime:0.000080s ]
INFO: [ app_init ] --END-- [ RunTime:0.000891s ]
INFO: [ app_begin ] --START--
INFO: Run Behavior\ReadHtmlCacheBehavior [ RunTime:0.001271s ]
INFO: [ app_begin ] --END-- [ RunTime:0.001548s ]
INFO: [ action_begin ] --START--
INFO: Run Home\Behaviors\LoginBehavior [ RunTime:0.005894s ]
INFO: [ action_begin ] --END-- [ RunTime:0.006233s ]
INFO: [ view_parse ] --START--
INFO: [ template_filter ] --START--
INFO: Run Behavior\ContentReplaceBehavior [ RunTime:0.000310s ]
INFO: [ template_filter ] --END-- [ RunTime:0.000665s ]

[ 2015-05-25T22:09:22+08:00 ] ::1 /GdutNews/
INFO: [ app_init ] --START--
INFO: Run Behavior\BuildLiteBehavior [ RunTime:0.000083s ]
INFO: [ app_init ] --END-- [ RunTime:0.000866s ]
INFO: [ app_begin ] --START--
INFO: Run Behavior\ReadHtmlCacheBehavior [ RunTime:0.001288s ]
INFO: [ app_begin ] --END-- [ RunTime:0.001557s ]
INFO: [ action_begin ] --START--
INFO: Run Home\Behaviors\LoginBehavior [ RunTime:0.005929s ]
INFO: [ action_begin ] --END-- [ RunTime:0.006226s ]
INFO: [ view_parse ] --START--
INFO: [ template_filter ] --START--
INFO: Run Behavior\ContentReplaceBehavior [ RunTime:0.000381s ]
INFO: [ template_filter ] --END-- [ RunTime:0.000679s ]

[ 2015-05-25T22:09:23+08:00 ] ::1 /GdutNews/
INFO: [ app_init ] --START--
INFO: Run Behavior\BuildLiteBehavior [ RunTime:0.000178s ]
INFO: [ app_init ] --END-- [ RunTime:0.000991s ]
INFO: [ app_begin ] --START--
INFO: Run Behavior\ReadHtmlCacheBehavior [ RunTime:0.001302s ]
INFO: [ app_begin ] --END-- [ RunTime:0.001616s ]
INFO: [ action_begin ] --START--
INFO: Run Home\Behaviors\LoginBehavior [ RunTime:0.005912s ]
INFO: [ action_begin ] --END-- [ RunTime:0.006273s ]
INFO: [ view_parse ] --START--
INFO: [ template_filter ] --START--
INFO: Run Behavior\ContentReplaceBehavior [ RunTime:0.000297s ]
INFO: [ template_filter ] --END-- [ RunTime:0.000570s ]

[ 2015-05-25T22:09:37+08:00 ] ::1 /GdutNews/
INFO: [ app_init ] --START--
INFO: Run Behavior\BuildLiteBehavior [ RunTime:0.000288s ]
INFO: [ app_init ] --END-- [ RunTime:0.001728s ]
INFO: [ app_begin ] --START--
INFO: Run Behavior\ReadHtmlCacheBehavior [ RunTime:0.002037s ]
INFO: [ app_begin ] --END-- [ RunTime:0.002688s ]
INFO: [ action_begin ] --START--
INFO: Run Home\Behaviors\LoginBehavior [ RunTime:0.005969s ]
INFO: [ action_begin ] --END-- [ RunTime:0.006349s ]
INFO: [ view_parse ] --START--
INFO: [ template_filter ] --START--
INFO: Run Behavior\ContentReplaceBehavior [ RunTime:0.000347s ]
INFO: [ template_filter ] --END-- [ RunTime:0.000720s ]

[ 2015-05-25T22:10:23+08:00 ] ::1 /GdutNews/
INFO: [ app_init ] --START--
INFO: Run Behavior\BuildLiteBehavior [ RunTime:0.000061s ]
INFO: [ app_init ] --END-- [ RunTime:0.000982s ]
INFO: [ app_begin ] --START--
INFO: Run Behavior\ReadHtmlCacheBehavior [ RunTime:0.001021s ]
INFO: [ app_begin ] --END-- [ RunTime:0.001365s ]
INFO: [ action_begin ] --START--
INFO: Run Home\Behaviors\LoginBehavior [ RunTime:0.005557s ]
INFO: [ action_begin ] --END-- [ RunTime:0.005914s ]
INFO: [ view_parse ] --START--
INFO: [ template_filter ] --START--
INFO: Run Behavior\ContentReplaceBehavior [ RunTime:0.000228s ]
INFO: [ template_filter ] --END-- [ RunTime:0.000522s ]
INFO: Run Behavior\ParseTemplateBehavior [ RunTime:0.035480s ]
INFO: [ view_parse ] --END-- [ RunTime:0.035864s ]
INFO: [ view_filter ] --START--
INFO: Run Behavior\WriteHtmlCacheBehavior [ RunTime:0.000743s ]
INFO: [ view_filter ] --END-- [ RunTime:0.000987s ]
INFO: [ app_end ] --START--
INFO: Run Behavior\ShowPageTraceBehavior [ RunTime:0.001140s ]
INFO: [ app_end ] --END-- [ RunTime:0.001488s ]

[ 2015-05-25T22:11:24+08:00 ] ::1 /GdutNews/
INFO: [ app_init ] --START--
INFO: Run Behavior\BuildLiteBehavior [ RunTime:0.000081s ]
INFO: [ app_init ] --END-- [ RunTime:0.000950s ]
INFO: [ app_begin ] --START--
INFO: Run Behavior\ReadHtmlCacheBehavior [ RunTime:0.001133s ]
INFO: [ app_begin ] --END-- [ RunTime:0.001492s ]
INFO: [ action_begin ] --START--
INFO: Run Home\Behaviors\LoginBehavior [ RunTime:0.005598s ]
INFO: [ action_begin ] --END-- [ RunTime:0.005981s ]
SQL: SELECT TOP 5 [ArticleID],[Title] FROM [Articles] WHERE CategoryID=4 AND PublishDate>2015-05-25 ORDER BY [PublishDate] DESC [ RunTime:0.0014s ]
SQL: SELECT TOP 5 [ArticleID],[Title] FROM [Articles] WHERE CategoryID=5 AND PublishDate>2015-05-25 ORDER BY [PublishDate] DESC [ RunTime:0.0012s ]
SQL: SELECT TOP 5 [ArticleID],[Title] FROM [Articles] WHERE CategoryID=6 AND PublishDate>2015-05-25 ORDER BY [PublishDate] DESC [ RunTime:0.0010s ]
INFO: [ view_parse ] --START--
INFO: [ template_filter ] --START--
INFO: Run Behavior\ContentReplaceBehavior [ RunTime:0.000305s ]
INFO: [ template_filter ] --END-- [ RunTime:0.000680s ]
INFO: Run Behavior\ParseTemplateBehavior [ RunTime:0.043308s ]
INFO: [ view_parse ] --END-- [ RunTime:0.043605s ]
INFO: [ view_filter ] --START--
INFO: Run Behavior\WriteHtmlCacheBehavior [ RunTime:0.000848s ]
INFO: [ view_filter ] --END-- [ RunTime:0.001182s ]
INFO: [ app_end ] --START--
INFO: Run Behavior\ShowPageTraceBehavior [ RunTime:0.001035s ]
INFO: [ app_end ] --END-- [ RunTime:0.001352s ]

[ 2015-05-25T22:11:26+08:00 ] ::1 /GdutNews/index.php/Home/Read/title.html/4/0/1
INFO: [ app_init ] --START--
INFO: Run Behavior\BuildLiteBehavior [ RunTime:0.000086s ]
INFO: [ app_init ] --END-- [ RunTime:0.000955s ]
INFO: [ app_begin ] --START--
INFO: Run Behavior\ReadHtmlCacheBehavior [ RunTime:0.001006s ]
INFO: [ app_begin ] --END-- [ RunTime:0.001251s ]
INFO: [ action_begin ] --START--
INFO: Run Home\Behaviors\LoginBehavior [ RunTime:0.005691s ]
INFO: [ action_begin ] --END-- [ RunTime:0.005995s ]
ERR: 非法操作:title.html

[ 2015-05-25T22:11:44+08:00 ] ::1 /GdutNews/
INFO: [ app_init ] --START--
INFO: Run Behavior\BuildLiteBehavior [ RunTime:0.000063s ]
INFO: [ app_init ] --END-- [ RunTime:0.000936s ]
INFO: [ app_begin ] --START--
INFO: Run Behavior\ReadHtmlCacheBehavior [ RunTime:0.001112s ]
INFO: [ app_begin ] --END-- [ RunTime:0.001492s ]
INFO: [ action_begin ] --START--
INFO: Run Home\Behaviors\LoginBehavior [ RunTime:0.005605s ]
INFO: [ action_begin ] --END-- [ RunTime:0.005993s ]
INFO: [ view_parse ] --START--
INFO: [ template_filter ] --START--
INFO: Run Behavior\ContentReplaceBehavior [ RunTime:0.000398s ]
INFO: [ template_filter ] --END-- [ RunTime:0.000719s ]

[ 2015-05-25T22:11:45+08:00 ] ::1 /GdutNews/
INFO: [ app_init ] --START--
INFO: Run Behavior\BuildLiteBehavior [ RunTime:0.000080s ]
INFO: [ app_init ] --END-- [ RunTime:0.000926s ]
INFO: [ app_begin ] --START--
INFO: Run Behavior\ReadHtmlCacheBehavior [ RunTime:0.000860s ]
INFO: [ app_begin ] --END-- [ RunTime:0.001144s ]
INFO: [ action_begin ] --START--
INFO: Run Home\Behaviors\LoginBehavior [ RunTime:0.004745s ]
INFO: [ action_begin ] --END-- [ RunTime:0.005023s ]
INFO: [ view_parse ] --START--
INFO: [ template_filter ] --START--
INFO: Run Behavior\ContentReplaceBehavior [ RunTime:0.000431s ]
INFO: [ template_filter ] --END-- [ RunTime:0.000714s ]

[ 2015-05-25T22:11:52+08:00 ] ::1 /GdutNews/
INFO: [ app_init ] --START--
INFO: Run Behavior\BuildLiteBehavior [ RunTime:0.000084s ]
INFO: [ app_init ] --END-- [ RunTime:0.000968s ]
INFO: [ app_begin ] --START--
INFO: Run Behavior\ReadHtmlCacheBehavior [ RunTime:0.000884s ]
INFO: [ app_begin ] --END-- [ RunTime:0.001206s ]
INFO: [ action_begin ] --START--
INFO: Run Home\Behaviors\LoginBehavior [ RunTime:0.005454s ]
INFO: [ action_begin ] --END-- [ RunTime:0.005752s ]
INFO: [ view_parse ] --START--
INFO: [ template_filter ] --START--
INFO: Run Behavior\ContentReplaceBehavior [ RunTime:0.000338s ]
INFO: [ template_filter ] --END-- [ RunTime:0.000659s ]
INFO: Run Behavior\ParseTemplateBehavior [ RunTime:0.017815s ]
INFO: [ view_parse ] --END-- [ RunTime:0.018168s ]
INFO: [ view_filter ] --START--
INFO: Run Behavior\WriteHtmlCacheBehavior [ RunTime:0.000597s ]
INFO: [ view_filter ] --END-- [ RunTime:0.000846s ]
INFO: [ app_end ] --START--
INFO: Run Behavior\ShowPageTraceBehavior [ RunTime:0.000858s ]
INFO: [ app_end ] --END-- [ RunTime:0.001154s ]

=======
>>>>>>> origin/master
